<?xml version="1.0" encoding="UTF-8"?>
<testng-results ignored="0" total="0" passed="0" failed="0" skipped="0">
  <reporter-output>
  </reporter-output>
  <suite started-at="2019-10-24T14:44:09 CST" name="Report2" finished-at="2019-10-24T14:44:09 CST" duration-ms="8">
    <groups>
    </groups>
    <test started-at="2019-10-24T14:44:09 CST" name="Command line test" finished-at="2019-10-24T14:44:09 CST" duration-ms="8">
    </test> <!-- Command line test -->
  </suite> <!-- Report2 -->
</testng-results>
